<?xml version="1.0" encoding="UTF-8"?>
<testsuite xmlns:xsi="http://www.w3.org/2001/XMLSchema-instance" xsi:noNamespaceSchemaLocation="https://maven.apache.org/surefire/maven-surefire-plugin/xsd/surefire-test-report.xsd" name="com.json.schema.builder.draft7.SchemaBuilderTest" time="0.018" tests="4" errors="0" skipped="0" failures="0">
  <properties>
[...]
</properties>
  <testcase name="testSimpleStringObjectWithDescription" classname="com.json.schema.builder.draft7.SchemaBuilderTest" time="0.003"/>
  <testcase name="testSimpleStringObjectWithDescriptionAndTitle" classname="com.json.schema.builder.draft7.SchemaBuilderTest" time="0.004"/>
  <testcase name="testSimpleStringObject" classname="com.json.schema.builder.draft7.SchemaBuilderTest" time="0.004"/>
  <testcase name="testSimpleStringObjectWithTitle" classname="com.json.schema.builder.draft7.SchemaBuilderTest" time="0.004"/>
</testsuite>